#
# A fatal error has been detected by the Java Runtime Environment:
#
#  EXCEPTION_ACCESS_VIOLATION (0xc0000005) at pc=0x00007ff9497e3004, pid=3972, tid=4604
#
# JRE version: OpenJDK Runtime Environment (24.0.1+9) (build 24.0.1+9-30)
# Java VM: OpenJDK 64-Bit Server VM (24.0.1+9-30, mixed mode, sharing, tiered, compressed oops, compressed class ptrs, g1 gc, windows-amd64)
# Problematic frame:
# C  [libasyncProfiler.dll+0x93004]
#
# No core dump will be written. Minidumps are not enabled by default on client versions of Windows
#
# JFR recording file will be written. Location: C:\Users\juand\OneDrive - Universidad de Montevideo\obligatorio_programacion_2\hs_err_pid3972.jfr
#
# If you would like to submit a bug report, please visit:
#   https://bugreport.java.com/bugreport/crash.jsp
# The crash happened outside the Java Virtual Machine in native code.
# See problematic frame for where to report the bug.
#

---------------  S U M M A R Y ------------

Command Line: -javaagent:H:\Desarrollo\JetBrains\IntelliJ IDEA 2024.3.2\lib\idea_rt.jar=49597 -agentpath:C:\Users\juand\AppData\Local\Temp\idea_libasyncProfiler_dll_temp_folder14206\libasyncProfiler.dll=start,jfr,event=wall,interval=10ms,jfrsync=profile,cstack=no,file=C:\Users\juand\IdeaSnapshots\Main_2025_06_15_172827.jfr,dbghelppath=C:\Users\juand\AppData\Local\Temp\idea_dbghelp_dll_temp_folder9\dbghelp.dll,log=C:\Users\juand\AppData\Local\Temp\Main_2025_06_15_172827.jfr.log.txt,logLevel=DEBUG -Dfile.encoding=UTF-8 -Dsun.stdout.encoding=UTF-8 -Dsun.stderr.encoding=UTF-8 Main

Host: AMD Ryzen 7 3700X 8-Core Processor             , 16 cores, 31G,  Windows 11 , 64 bit Build 26100 (10.0.26100.4202)
Time: Sun Jun 15 17:28:28 2025 Hora estándar de Montevideo elapsed time: 0.459695 seconds (0d 0h 0m 0s)

---------------  T H R E A D  ---------------

Current thread (0x00000252ffd3e550):  JavaThread "main"             [_thread_in_native, id=4604, stack(0x000000d17dd00000,0x000000d17de00000) (1024K)]

Stack: [0x000000d17dd00000,0x000000d17de00000],  sp=0x000000d17ddfeb40,  free space=1018k
Native frames: (J=compiled Java code, j=interpreted, Vv=VM code, C=native code)
C  [libasyncProfiler.dll+0x93004]  (no source info available)
C  [libasyncProfiler.dll+0x934db]  (no source info available)
C  [libasyncProfiler.dll+0x92134]  (no source info available)
C  [libasyncProfiler.dll+0x929aa]  (no source info available)
C  [libasyncProfiler.dll+0x8d561]  (no source info available)
C  [libasyncProfiler.dll+0x7ef21]  (no source info available)
C  [libasyncProfiler.dll+0x7dc38]  (no source info available)
C  [libasyncProfiler.dll+0x7db20]  (no source info available)
C  [libasyncProfiler.dll+0x83c3c]  (no source info available)
V  [jvm.dll+0x5e38de]  (no source info available)
V  [jvm.dll+0x886056]  (no source info available)
V  [jvm.dll+0x495f3e]  (no source info available)
V  [jvm.dll+0x497d11]  (no source info available)
C  [jli.dll+0x52a1]  (no source info available)
C  [ucrtbase.dll+0x37b0]  (no source info available)
C  [KERNEL32.DLL+0x2e8d7]  (no source info available)
C  [ntdll.dll+0x3c34c]  (no source info available)


siginfo: EXCEPTION_ACCESS_VIOLATION (0xc0000005), reading address 0xffffffffffffffff


Registers:
RAX=0x0000000000000010, RBX=0x0000000000000000, RCX=0xffffffffffffffff, RDX=0x007ff933b3300010
RSP=0x000000d17ddfeb40, RBP=0x00000252a5dda700, RSI=0x000000d17ddfecb0, RDI=0x00000252a5dda700
R8 =0x0000000000000042, R9 =0x0000000620c01ed8, R10=0x00007ff933da9fb0, R11=0x0000000000000002
R12=0x000000d17ddfecb0, R13=0x00000252fd97cb00, R14=0x00000252ffd3e918, R15=0x00000252ffd3e918
RIP=0x00007ff9497e3004, EFLAGS=0x0000000000010202

XMM[0]=0x0000000000000000 0x0000000000000000
XMM[1]=0x0000000000000000 0x0000000000000000
XMM[2]=0x0000000000000000 0x0000000000000000
XMM[3]=0x0000000000000000 0x0000000000000000
XMM[4]=0x0000000000000000 0x0000000000000000
XMM[5]=0x0000000000000000 0x0000000000000000
XMM[6]=0x0000000000000000 0x0000000000000000
XMM[7]=0x0000000000000000 0x0000000000000000
XMM[8]=0x0000000000000000 0x0000000000000000
XMM[9]=0x0000000000000000 0x0000000000000000
XMM[10]=0x0000000000000000 0x0000000000000000
XMM[11]=0x0000000000000000 0x0000000000000000
XMM[12]=0x0000000000000000 0x0000000000000000
XMM[13]=0x0000000000000000 0x0000000000000000
XMM[14]=0x0000000000000000 0x0000000000000000
XMM[15]=0x0000000000000000 0x0000000000000000
  MXCSR=0x00001fa0


Register to memory mapping:

RAX=0x0000000000000010 is an unknown value
RBX=0x0 is null
RCX=0xffffffffffffffff is an unknown value
RDX=0x007ff933b3300010 is an unknown value
RSP=0x000000d17ddfeb40 is pointing into the stack for thread: 0x00000252ffd3e550
RBP=0x00000252a5dda700 points into unknown readable memory: 0x0000000620c01ed8 | d8 1e c0 20 06 00 00 00
RSI=0x000000d17ddfecb0 is pointing into the stack for thread: 0x00000252ffd3e550
RDI=0x00000252a5dda700 points into unknown readable memory: 0x0000000620c01ed8 | d8 1e c0 20 06 00 00 00
R8 =0x0000000000000042 is an unknown value
R9 =0x0000000620c01ed8 is an oop: java.lang.Thread 
{0x0000000620c01ed8} - klass: 'java/lang/Thread' - flags: 

 - ---- fields (total size 14 words):
 - 'threadLocalRandomProbe' 'I' @12  0 (0x00000000)
 - private volatile 'eetop' 'J' @16  2555502650704 (0x00000252ffd3e550)
 - private final 'tid' 'J' @24  3 (0x0000000000000003)
 - 'threadLocalRandomSeed' 'J' @32  0 (0x0000000000000000)
 - injected 'jvmti_thread_state' 'J' @40  2553991510960 (0x00000252a5c1bbb0)
 - 'threadLocalRandomSecondarySeed' 'I' @48  0 (0x00000000)
 - injected 'jvmti_VTMS_transition_disable_count' 'I' @52  0 (0x00000000)
 - injected 'jfr_epoch' 'S' @56  0 (0x0000)
 - volatile 'interrupted' 'Z' @58  false (0x00)
 - injected 'jvmti_is_in_VTMS_transition' 'Z' @59  false (0x00)
 - private volatile 'name' 'Ljava/lang/String;' @60  "main"{0x0000000620c01f48} (0xc41803e9)
 - private volatile 'contextClassLoader' 'Ljava/lang/ClassLoader;' @64  a 'jdk/internal/loader/ClassLoaders$AppClassLoader'{0x0000000620c1ce40} (0xc41839c8)
 - private final 'holder' 'Ljava/lang/Thread$FieldHolder;' @68  a 'java/lang/Thread$FieldHolder'{0x0000000620c01f88} (0xc41803f1)
 - 'threadLocals' 'Ljava/lang/ThreadLocal$ThreadLocalMap;' @72  a 'java/lang/ThreadLocal$ThreadLocalMap'{0x000000062081be40} (0xc41037c8)
 - 'inheritableThreadLocals' 'Ljava/lang/ThreadLocal$ThreadLocalMap;' @76  null (0x00000000)
 - private 'scopedValueBindings' 'Ljava/lang/Object;' @80  a 'java/lang/Class'{0x00000007ffc7c258} = 'java/lang/Thread' (0xfff8f84b)
 - final 'interruptLock' 'Ljava/lang/Object;' @84  a 'java/lang/Object'{0x0000000620c01f78} (0xc41803ef)
 - private volatile 'parkBlocker' 'Ljava/lang/Object;' @88  null (0x00000000)
 - private 'nioBlocker' 'Lsun/nio/ch/Interruptible;' @92  null (0x00000000)
 - private 'cont' 'Ljdk/internal/vm/Continuation;' @96  null (0x00000000)
 - private volatile 'uncaughtExceptionHandler' 'Ljava/lang/Thread$UncaughtExceptionHandler;' @100  null (0x00000000)
 - private 'container' 'Ljdk/internal/vm/ThreadContainer;' @104  null (0x00000000)
 - private volatile 'headStackableScopes' 'Ljdk/internal/vm/StackableScope;' @108  null (0x00000000)
R10=0x00007ff933da9fb0 jvm.dll
R11=0x0000000000000002 is an unknown value
R12=0x000000d17ddfecb0 is pointing into the stack for thread: 0x00000252ffd3e550
R13=0x00000252fd97cb00 points into unknown readable memory: 0x00007ff933d1a510 | 10 a5 d1 33 f9 7f 00 00
R14=0x00000252ffd3e918 points into unknown readable memory: 0x00007ff933d117b0 | b0 17 d1 33 f9 7f 00 00
R15=0x00000252ffd3e918 points into unknown readable memory: 0x00007ff933d117b0 | b0 17 d1 33 f9 7f 00 00

Top of Stack: (sp=0x000000d17ddfeb40)
0x000000d17ddfeb40:   000000d17ddfecb0 00000252a5dda700   ...}........R...
0x000000d17ddfeb50:   0000000000000000 00000252ff82a1d0   ............R...
0x000000d17ddfeb60:   0000000000000022 00007ff9497e34db   "........4~I....
0x000000d17ddfeb70:   0000000000000000 00000252ffd3e918   ............R...
0x000000d17ddfeb80:   000000d17ddfec01 0000000000000000   ...}............
0x000000d17ddfeb90:   00000252ecb8b990 00007ff9497e2134   ....R...4!~I....
0x000000d17ddfeba0:   0000000000000000 0000000000000022   ........".......
0x000000d17ddfebb0:   0000000000000000 0000000000000022   ........".......
0x000000d17ddfebc0:   0000000900000003 00000252ecbc7eb0   .........~..R...
0x000000d17ddfebd0:   00000252ecb8b990 00000252ecb8ba18   ....R.......R...
0x000000d17ddfebe0:   00000252ecb8ba38 00000252000055b4   8...R....U..R...
0x000000d17ddfebf0:   0000000000000000 0000000000000000   ................
0x000000d17ddfec00:   0000000000000000 00007ff9335757d4   .........WW3....
0x000000d17ddfec10:   00007ff94993ae00 0000000000000f84   ...I............
0x000000d17ddfec20:   00007ff94993ae00 00000000ffffffff   ...I............
0x000000d17ddfec30:   0000000000000000 00007ff9497e29aa   .........)~I....
0x000000d17ddfec40:   00000252ffd3e918 0000000000000000   ....R...........
0x000000d17ddfec50:   000000d17ddfecb9 00000252fd97cb00   ...}........R...
0x000000d17ddfec60:   00000252000021b4 0000000000000000   .!..R...........
0x000000d17ddfec70:   0000000000000000 00007ff9ec0cfc09   ................
0x000000d17ddfec80:   00000252ffd3e918 00007ff94993ae00   ....R......I....
0x000000d17ddfec90:   0000000000000000 00007ff94987bc53   ........S..I....
0x000000d17ddfeca0:   0000000000000000 00000252ffd3e918   ............R...
0x000000d17ddfecb0:   00000252ecc1fc30 00000252ecc20070   0...R...p...R...
0x000000d17ddfecc0:   00000252ecc20070 00007ff94993ae00   p...R......I....
0x000000d17ddfecd0:   00000252ffc97748 000000d17ddfee48   Hw..R...H..}....
0x000000d17ddfece0:   000000d17ddfef80 0000000000008840   ...}....@.......
0x000000d17ddfecf0:   00007ff94992d080 00007ff94993ae50   ...I....P..I....
0x000000d17ddfed00:   0000000000989680 0000000000989680   ................
0x000000d17ddfed10:   000000d17ddfee20 00007ff9497dd561    ..}....a.}I....
0x000000d17ddfed20:   00007ff94993ae00 00007ff94993ae58   ...I....X..I....
0x000000d17ddfed30:   00007ff900000000 007fb1b100000001   ................

Instructions: (pc=0x00007ff9497e3004)
  0x00007ff9497e2f04:   cc cc cc cc cc cc cc cc cc cc cc cc cc cc cc cc
  0x00007ff9497e2f14:   cc cc cc cc cc cc cc cc cc cc cc cc cc cc cc cc
  0x00007ff9497e2f24:   cc cc cc cc cc cc cc cc cc cc cc cc cc cc cc cc
  0x00007ff9497e2f34:   cc cc cc cc cc cc cc cc cc cc cc cc cc cc cc cc
  0x00007ff9497e2f44:   cc cc cc cc cc cc cc cc cc cc cc cc cc cc cc cc
  0x00007ff9497e2f54:   cc cc cc cc cc cc cc cc cc cc cc cc cc cc cc cc
  0x00007ff9497e2f64:   cc cc cc cc cc cc cc cc cc cc cc cc cc cc cc cc
  0x00007ff9497e2f74:   cc cc cc cc cc cc cc cc cc cc cc cc cc cc cc cc
  0x00007ff9497e2f84:   cc cc cc cc cc cc cc cc cc cc cc cc 40 57 48 83
  0x00007ff9497e2f94:   ec 20 48 8b f9 48 8b 0d 30 80 15 00 48 85 c9 74
  0x00007ff9497e2fa4:   20 48 8b 01 48 8d 54 24 38 41 b8 06 00 01 00 4c
  0x00007ff9497e2fb4:   8b 48 30 41 ff d1 85 c0 75 07 48 8b 4c 24 38 eb
  0x00007ff9497e2fc4:   02 33 c9 4c 8b 05 0a 81 15 00 48 89 5c 24 30 4d
  0x00007ff9497e2fd4:   85 c0 74 4a 48 8b 01 48 8b d7 4c 8b 88 28 03 00
  0x00007ff9497e2fe4:   00 41 ff d1 48 85 c0 74 35 48 63 0d b8 3d 15 00
  0x00007ff9497e2ff4:   48 8b 14 01 48 85 d2 74 15 48 63 05 bc 3d 15 00
=>0x00007ff9497e3004:   8b 04 10 48 8b 5c 24 30 48 83 c4 20 5f c3 b8 ff
  0x00007ff9497e3014:   ff ff ff 48 8b 5c 24 30 48 83 c4 20 5f c3 80 3d
  0x00007ff9497e3024:   bb 7f 15 00 00 bb ff ff ff ff 74 20 4c 8b 0d 51
  0x00007ff9497e3034:   7c 15 00 4c 8d 44 24 38 48 8b 0d 35 7c 15 00 48
  0x00007ff9497e3044:   8b d7 41 ff d1 85 c0 0f 44 5c 24 38 8b c3 48 8b
  0x00007ff9497e3054:   5c 24 30 48 83 c4 20 5f c3 cc cc cc cc cc cc cc
  0x00007ff9497e3064:   cc cc cc cc cc cc cc cc cc cc cc cc cc cc cc cc
  0x00007ff9497e3074:   cc cc cc cc cc cc cc cc cc cc cc cc cc cc cc cc
  0x00007ff9497e3084:   cc cc cc cc cc cc cc cc cc cc cc cc 48 89 54 24
  0x00007ff9497e3094:   10 53 55 56 57 41 56 41 57 48 83 ec 28 48 8b f2
  0x00007ff9497e30a4:   4c 8b f1 48 89 4c 24 78 45 33 ff 44 89 7c 24 68
  0x00007ff9497e30b4:   c7 44 24 60 01 00 00 00 48 8d 4c 24 68 e8 69 3c
  0x00007ff9497e30c4:   f7 ff 8b d8 48 8d 4c 24 60 e8 5d 3c f7 ff 8b e8
  0x00007ff9497e30d4:   49 8b ce e8 33 f3 f6 ff 48 8b f8 90 8b c3 f0 0f
  0x00007ff9497e30e4:   b1 2f 74 04 f3 90 eb f4 4c 89 3e 4c 89 7e 08 4c
  0x00007ff9497e30f4:   89 7e 10 49 8b 6e 08 4d 8b 76 10 49 3b ee 0f 84


Stack slot to memory mapping:

stack at sp + 0 slots: 0x000000d17ddfecb0 is pointing into the stack for thread: 0x00000252ffd3e550
stack at sp + 1 slots: 0x00000252a5dda700 points into unknown readable memory: 0x0000000620c01ed8 | d8 1e c0 20 06 00 00 00
stack at sp + 2 slots: 0x0 is null
stack at sp + 3 slots: 0x00000252ff82a1d0 points into unknown readable memory: 0x6e616c2e6176616a | 6a 61 76 61 2e 6c 61 6e
stack at sp + 4 slots: 0x0000000000000022 is an unknown value
stack at sp + 5 slots: 0x00007ff9497e34db libasyncProfiler.dll
stack at sp + 6 slots: 0x0 is null
stack at sp + 7 slots: 0x00000252ffd3e918 points into unknown readable memory: 0x00007ff933d117b0 | b0 17 d1 33 f9 7f 00 00

Lock stack of current Java thread (top to bottom):


---------------  P R O C E S S  ---------------

Threads class SMR info:
_java_thread_list=0x00000252ecc331a0, length=27, elements={
0x00000252ffd3e550, 0x00000252a5b51cd0, 0x00000252a5b52610, 0x00000252a5b534c0,
0x00000252a5b56390, 0x00000252a5b57780, 0x00000252a5b5d900, 0x00000252a5b6ad60,
0x00000252a5b6be10, 0x00000252a5c8bca0, 0x00000252a5ca0c10, 0x00000252a5b5e7a0,
0x00000252eb0541a0, 0x00000252a5b5eef0, 0x00000252a5b5f640, 0x00000252eb9e5ac0,
0x00000252ec70fe40, 0x00000252eba39920, 0x00000252eba3ae30, 0x00000252eba33c30,
0x00000252a5b5d1b0, 0x00000252eba96de0, 0x00000252ecc43a90, 0x00000252eba919d0,
0x00000252eba8fc90, 0x00000252eba90b30, 0x00000252eba8e6a0
}

Java Threads: ( => current thread )
=>0x00000252ffd3e550 JavaThread "main"                              [_thread_in_native, id=4604, stack(0x000000d17dd00000,0x000000d17de00000) (1024K)]
  0x00000252a5b51cd0 JavaThread "Reference Handler"          daemon [_thread_blocked, id=5096, stack(0x000000d17e500000,0x000000d17e600000) (1024K)]
  0x00000252a5b52610 JavaThread "Finalizer"                  daemon [_thread_blocked, id=20240, stack(0x000000d17e600000,0x000000d17e700000) (1024K)]
  0x00000252a5b534c0 JavaThread "Signal Dispatcher"          daemon [_thread_blocked, id=26448, stack(0x000000d17e700000,0x000000d17e800000) (1024K)]
  0x00000252a5b56390 JavaThread "Attach Listener"            daemon [_thread_blocked, id=24648, stack(0x000000d17e800000,0x000000d17e900000) (1024K)]
  0x00000252a5b57780 JavaThread "Service Thread"             daemon [_thread_blocked, id=16336, stack(0x000000d17e900000,0x000000d17ea00000) (1024K)]
  0x00000252a5b5d900 JavaThread "Monitor Deflation Thread"   daemon [_thread_blocked, id=1904, stack(0x000000d17ea00000,0x000000d17eb00000) (1024K)]
  0x00000252a5b6ad60 JavaThread "C2 CompilerThread0"         daemon [_thread_blocked, id=4436, stack(0x000000d17eb00000,0x000000d17ec00000) (1024K)]
  0x00000252a5b6be10 JavaThread "C1 CompilerThread0"         daemon [_thread_blocked, id=24352, stack(0x000000d17ec00000,0x000000d17ed00000) (1024K)]
  0x00000252a5c8bca0 JavaThread "C1 CompilerThread1"         daemon [_thread_blocked, id=21272, stack(0x000000d17ed00000,0x000000d17ee00000) (1024K)]
  0x00000252a5ca0c10 JavaThread "C1 CompilerThread2"         daemon [_thread_blocked, id=25964, stack(0x000000d17ee00000,0x000000d17ef00000) (1024K)]
  0x00000252a5b5e7a0 JavaThread "Common-Cleaner"             daemon [_thread_blocked, id=21196, stack(0x000000d17ef00000,0x000000d17f000000) (1024K)]
  0x00000252eb0541a0 JavaThread "C2 CompilerThread1"         daemon [_thread_in_native, id=10484, stack(0x000000d17f000000,0x000000d17f100000) (1024K)]
  0x00000252a5b5eef0 JavaThread "Monitor Ctrl-Break"         daemon [_thread_in_native, id=26516, stack(0x000000d17f100000,0x000000d17f200000) (1024K)]
  0x00000252a5b5f640 JavaThread "JFR Recorder Thread"        daemon [_thread_in_native, id=7460, stack(0x000000d17f200000,0x000000d17f300000) (1024K)]
  0x00000252eb9e5ac0 JavaThread "C2 CompilerThread2"         daemon [_thread_blocked, id=25756, stack(0x000000d17f300000,0x000000d17f400000) (1024K)]
  0x00000252ec70fe40 JavaThread "C2 CompilerThread3"         daemon [_thread_blocked, id=7844, stack(0x000000d17f400000,0x000000d17f500000) (1024K)]
  0x00000252eba39920 JavaThread "C2 CompilerThread4"         daemon [_thread_in_native, id=22000, stack(0x000000d17f500000,0x000000d17f600000) (1024K)]
  0x00000252eba3ae30 JavaThread "C2 CompilerThread5"         daemon [_thread_blocked, id=4340, stack(0x000000d17f600000,0x000000d17f700000) (1024K)]
  0x00000252eba33c30 JavaThread "C1 CompilerThread3"         daemon [_thread_blocked, id=22944, stack(0x000000d17f700000,0x000000d17f800000) (1024K)]
  0x00000252a5b5d1b0 JavaThread "JFR Periodic Tasks"         daemon [_thread_blocked, id=8540, stack(0x000000d17f800000,0x000000d17f900000) (1024K)]
  0x00000252eba96de0 JavaThread "C2 CompilerThread6"         daemon [_thread_blocked, id=21432, stack(0x000000d17f900000,0x000000d17fa00000) (1024K)]
  0x00000252ecc43a90 JavaThread "C2 CompilerThread7"         daemon [_thread_blocked, id=21940, stack(0x000000d17fa00000,0x000000d17fb00000) (1024K)]
  0x00000252eba919d0 JavaThread "RMI TCP Accept-0"           daemon [_thread_in_native, id=25524, stack(0x000000d17fb00000,0x000000d17fc00000) (1024K)]
  0x00000252eba8fc90 JavaThread "RMI TCP Connection(1)-192.168.1.4" daemon [_thread_in_Java, id=11112, stack(0x000000d17fc00000,0x000000d17fd00000) (1024K)]
  0x00000252eba90b30 JavaThread "RMI Scheduler(0)"           daemon [_thread_blocked, id=11608, stack(0x000000d17fd00000,0x000000d17fe00000) (1024K)]
  0x00000252eba8e6a0 JavaThread "JMX server connection timeout 42" daemon [_thread_blocked, id=9352, stack(0x000000d17fe00000,0x000000d17ff00000) (1024K)]
Total: 27

Other Threads:
  0x00000252a5b3f290 VMThread "VM Thread"                           [id=5044, stack(0x000000d17e400000,0x000000d17e500000) (1024K)]
  0x00000252a5a09ca0 WatcherThread "VM Periodic Task Thread"        [id=8116, stack(0x000000d17e300000,0x000000d17e400000) (1024K)]
  0x00000252ff8d6ad0 WorkerThread "GC Thread#0"                     [id=460, stack(0x000000d17de00000,0x000000d17df00000) (1024K)]
  0x00000252ff929f20 ConcurrentGCThread "G1 Main Marker"            [id=19604, stack(0x000000d17df00000,0x000000d17e000000) (1024K)]
  0x00000252ff92b8e0 WorkerThread "G1 Conc#0"                       [id=23760, stack(0x000000d17e000000,0x000000d17e100000) (1024K)]
  0x00000252ff9c1db0 ConcurrentGCThread "G1 Refine#0"               [id=20468, stack(0x000000d17e100000,0x000000d17e200000) (1024K)]
  0x00000252ff9c27d0 ConcurrentGCThread "G1 Service"                [id=24980, stack(0x000000d17e200000,0x000000d17e300000) (1024K)]
Total: 7

Threads with active compile tasks:
C1 CompilerThread2  548 1893       3       java.io.ObjectStreamClass::requireInitialized (19 bytes)
C2 CompilerThread1  548 1871       4       sun.security.provider.SHA::implCompress0 (478 bytes)
C2 CompilerThread4  548 1891       4       java.util.HashMap::get (19 bytes)
C2 CompilerThread7  548 1894       4       java.util.ImmutableCollections$List12::size (16 bytes)
Total: 4

VM state: not at safepoint (normal execution)

VM Mutex/Monitor currently owned by a thread:  ([mutex/lock_event])
[0x00007ff933da3030] MethodCompileQueue_lock - owner thread: 0x0000000000000000

Heap address: 0x0000000601000000, size: 8176 MB, Compressed Oops mode: Zero based, Oop shift amount: 3

CDS archive(s) mapped at: [0x00000252a6000000-0x00000252a6d40000-0x00000252a6d40000), size 13893632, SharedBaseAddress: 0x00000252a6000000, ArchiveRelocationMode: 1.
Compressed class space mapped at: 0x00000252a7000000-0x00000252e7000000, reserved size: 1073741824
UseCompressedClassPointers 1, UseCompactObjectHeaders 0
Narrow klass pointer bits 32, Max shift 3
Narrow klass base: 0x00000252a6000000, Narrow klass shift: 0
Encoding Range: [0x00000252a6000000 - 0x00000253a6000000), (4294967296 bytes)
Klass Range:    [0x00000252a6000000 - 0x00000252e7000000), (1090519040 bytes)
Klass ID Range:  [8 - 1090519033) (1090519025)

GC Precious Log:
 CardTable entry size: 512
 Card Set container configuration: InlinePtr #cards 4 size 8 Array Of Cards #cards 32 size 80 Howl #buckets 8 coarsen threshold 7372 Howl Bitmap #cards 1024 size 144 coarsen threshold 921 Card regions per heap region 1 cards per card region 8192
 CPUs: 16 total, 16 available
 Memory: 32689M
 Large Page Support: Disabled
 NUMA Support: Disabled
 Compressed Oops: Enabled (Zero based)
 Heap Region Size: 4M
 Heap Min Capacity: 8M
 Heap Initial Capacity: 512M
 Heap Max Capacity: 8176M
 Pre-touch: Disabled
 Parallel Workers: 13
 Concurrent Workers: 3
 Concurrent Refinement Workers: 13
 Periodic GC: Disabled

Heap:
 garbage-first heap   total reserved 8372224K, committed 528384K, used 33904K [0x0000000601000000, 0x0000000800000000)
  region size 4096K, 9 young (36864K), 0 survivors (0K)
 Metaspace       used 7651K, committed 7872K, reserved 1114112K
  class space    used 706K, committed 832K, reserved 1048576K

Heap Regions: E=young(eden), S=young(survivor), O=old, HS=humongous(starts), HC=humongous(continues), CS=collection set, F=free, TAMS=top-at-mark-start, PB=parsable bottom
|   0|0x0000000601000000, 0x0000000601000000, 0x0000000601400000|  0%| F|  |TAMS 0x0000000601000000| PB 0x0000000601000000| Untracked |  0
|   1|0x0000000601400000, 0x0000000601400000, 0x0000000601800000|  0%| F|  |TAMS 0x0000000601400000| PB 0x0000000601400000| Untracked |  0
|   2|0x0000000601800000, 0x0000000601800000, 0x0000000601c00000|  0%| F|  |TAMS 0x0000000601800000| PB 0x0000000601800000| Untracked |  0
|   3|0x0000000601c00000, 0x0000000601c00000, 0x0000000602000000|  0%| F|  |TAMS 0x0000000601c00000| PB 0x0000000601c00000| Untracked |  0
|   4|0x0000000602000000, 0x0000000602000000, 0x0000000602400000|  0%| F|  |TAMS 0x0000000602000000| PB 0x0000000602000000| Untracked |  0
|   5|0x0000000602400000, 0x0000000602400000, 0x0000000602800000|  0%| F|  |TAMS 0x0000000602400000| PB 0x0000000602400000| Untracked |  0
|   6|0x0000000602800000, 0x0000000602800000, 0x0000000602c00000|  0%| F|  |TAMS 0x0000000602800000| PB 0x0000000602800000| Untracked |  0
|   7|0x0000000602c00000, 0x0000000602c00000, 0x0000000603000000|  0%| F|  |TAMS 0x0000000602c00000| PB 0x0000000602c00000| Untracked |  0
|   8|0x0000000603000000, 0x0000000603000000, 0x0000000603400000|  0%| F|  |TAMS 0x0000000603000000| PB 0x0000000603000000| Untracked |  0
|   9|0x0000000603400000, 0x0000000603400000, 0x0000000603800000|  0%| F|  |TAMS 0x0000000603400000| PB 0x0000000603400000| Untracked |  0
|  10|0x0000000603800000, 0x0000000603800000, 0x0000000603c00000|  0%| F|  |TAMS 0x0000000603800000| PB 0x0000000603800000| Untracked |  0
|  11|0x0000000603c00000, 0x0000000603c00000, 0x0000000604000000|  0%| F|  |TAMS 0x0000000603c00000| PB 0x0000000603c00000| Untracked |  0
|  12|0x0000000604000000, 0x0000000604000000, 0x0000000604400000|  0%| F|  |TAMS 0x0000000604000000| PB 0x0000000604000000| Untracked |  0
|  13|0x0000000604400000, 0x0000000604400000, 0x0000000604800000|  0%| F|  |TAMS 0x0000000604400000| PB 0x0000000604400000| Untracked |  0
|  14|0x0000000604800000, 0x0000000604800000, 0x0000000604c00000|  0%| F|  |TAMS 0x0000000604800000| PB 0x0000000604800000| Untracked |  0
|  15|0x0000000604c00000, 0x0000000604c00000, 0x0000000605000000|  0%| F|  |TAMS 0x0000000604c00000| PB 0x0000000604c00000| Untracked |  0
|  16|0x0000000605000000, 0x0000000605000000, 0x0000000605400000|  0%| F|  |TAMS 0x0000000605000000| PB 0x0000000605000000| Untracked |  0
|  17|0x0000000605400000, 0x0000000605400000, 0x0000000605800000|  0%| F|  |TAMS 0x0000000605400000| PB 0x0000000605400000| Untracked |  0
|  18|0x0000000605800000, 0x0000000605800000, 0x0000000605c00000|  0%| F|  |TAMS 0x0000000605800000| PB 0x0000000605800000| Untracked |  0
|  19|0x0000000605c00000, 0x0000000605c00000, 0x0000000606000000|  0%| F|  |TAMS 0x0000000605c00000| PB 0x0000000605c00000| Untracked |  0
|  20|0x0000000606000000, 0x0000000606000000, 0x0000000606400000|  0%| F|  |TAMS 0x0000000606000000| PB 0x0000000606000000| Untracked |  0
|  21|0x0000000606400000, 0x0000000606400000, 0x0000000606800000|  0%| F|  |TAMS 0x0000000606400000| PB 0x0000000606400000| Untracked |  0
|  22|0x0000000606800000, 0x0000000606800000, 0x0000000606c00000|  0%| F|  |TAMS 0x0000000606800000| PB 0x0000000606800000| Untracked |  0
|  23|0x0000000606c00000, 0x0000000606c00000, 0x0000000607000000|  0%| F|  |TAMS 0x0000000606c00000| PB 0x0000000606c00000| Untracked |  0
|  24|0x0000000607000000, 0x0000000607000000, 0x0000000607400000|  0%| F|  |TAMS 0x0000000607000000| PB 0x0000000607000000| Untracked |  0
|  25|0x0000000607400000, 0x0000000607400000, 0x0000000607800000|  0%| F|  |TAMS 0x0000000607400000| PB 0x0000000607400000| Untracked |  0
|  26|0x0000000607800000, 0x0000000607800000, 0x0000000607c00000|  0%| F|  |TAMS 0x0000000607800000| PB 0x0000000607800000| Untracked |  0
|  27|0x0000000607c00000, 0x0000000607c00000, 0x0000000608000000|  0%| F|  |TAMS 0x0000000607c00000| PB 0x0000000607c00000| Untracked |  0
|  28|0x0000000608000000, 0x0000000608000000, 0x0000000608400000|  0%| F|  |TAMS 0x0000000608000000| PB 0x0000000608000000| Untracked |  0
|  29|0x0000000608400000, 0x0000000608400000, 0x0000000608800000|  0%| F|  |TAMS 0x0000000608400000| PB 0x0000000608400000| Untracked |  0
|  30|0x0000000608800000, 0x0000000608800000, 0x0000000608c00000|  0%| F|  |TAMS 0x0000000608800000| PB 0x0000000608800000| Untracked |  0
|  31|0x0000000608c00000, 0x0000000608c00000, 0x0000000609000000|  0%| F|  |TAMS 0x0000000608c00000| PB 0x0000000608c00000| Untracked |  0
|  32|0x0000000609000000, 0x0000000609000000, 0x0000000609400000|  0%| F|  |TAMS 0x0000000609000000| PB 0x0000000609000000| Untracked |  0
|  33|0x0000000609400000, 0x0000000609400000, 0x0000000609800000|  0%| F|  |TAMS 0x0000000609400000| PB 0x0000000609400000| Untracked |  0
|  34|0x0000000609800000, 0x0000000609800000, 0x0000000609c00000|  0%| F|  |TAMS 0x0000000609800000| PB 0x0000000609800000| Untracked |  0
|  35|0x0000000609c00000, 0x0000000609c00000, 0x000000060a000000|  0%| F|  |TAMS 0x0000000609c00000| PB 0x0000000609c00000| Untracked |  0
|  36|0x000000060a000000, 0x000000060a000000, 0x000000060a400000|  0%| F|  |TAMS 0x000000060a000000| PB 0x000000060a000000| Untracked |  0
|  37|0x000000060a400000, 0x000000060a400000, 0x000000060a800000|  0%| F|  |TAMS 0x000000060a400000| PB 0x000000060a400000| Untracked |  0
|  38|0x000000060a800000, 0x000000060a800000, 0x000000060ac00000|  0%| F|  |TAMS 0x000000060a800000| PB 0x000000060a800000| Untracked |  0
|  39|0x000000060ac00000, 0x000000060ac00000, 0x000000060b000000|  0%| F|  |TAMS 0x000000060ac00000| PB 0x000000060ac00000| Untracked |  0
|  40|0x000000060b000000, 0x000000060b000000, 0x000000060b400000|  0%| F|  |TAMS 0x000000060b000000| PB 0x000000060b000000| Untracked |  0
|  41|0x000000060b400000, 0x000000060b400000, 0x000000060b800000|  0%| F|  |TAMS 0x000000060b400000| PB 0x000000060b400000| Untracked |  0
|  42|0x000000060b800000, 0x000000060b800000, 0x000000060bc00000|  0%| F|  |TAMS 0x000000060b800000| PB 0x000000060b800000| Untracked |  0
|  43|0x000000060bc00000, 0x000000060bc00000, 0x000000060c000000|  0%| F|  |TAMS 0x000000060bc00000| PB 0x000000060bc00000| Untracked |  0
|  44|0x000000060c000000, 0x000000060c000000, 0x000000060c400000|  0%| F|  |TAMS 0x000000060c000000| PB 0x000000060c000000| Untracked |  0
|  45|0x000000060c400000, 0x000000060c400000, 0x000000060c800000|  0%| F|  |TAMS 0x000000060c400000| PB 0x000000060c400000| Untracked |  0
|  46|0x000000060c800000, 0x000000060c800000, 0x000000060cc00000|  0%| F|  |TAMS 0x000000060c800000| PB 0x000000060c800000| Untracked |  0
|  47|0x000000060cc00000, 0x000000060cc00000, 0x000000060d000000|  0%| F|  |TAMS 0x000000060cc00000| PB 0x000000060cc00000| Untracked |  0
|  48|0x000000060d000000, 0x000000060d000000, 0x000000060d400000|  0%| F|  |TAMS 0x000000060d000000| PB 0x000000060d000000| Untracked |  0
|  49|0x000000060d400000, 0x000000060d400000, 0x000000060d800000|  0%| F|  |TAMS 0x000000060d400000| PB 0x000000060d400000| Untracked |  0
|  50|0x000000060d800000, 0x000000060d800000, 0x000000060dc00000|  0%| F|  |TAMS 0x000000060d800000| PB 0x000000060d800000| Untracked |  0
|  51|0x000000060dc00000, 0x000000060dc00000, 0x000000060e000000|  0%| F|  |TAMS 0x000000060dc00000| PB 0x000000060dc00000| Untracked |  0
|  52|0x000000060e000000, 0x000000060e000000, 0x000000060e400000|  0%| F|  |TAMS 0x000000060e000000| PB 0x000000060e000000| Untracked |  0
|  53|0x000000060e400000, 0x000000060e400000, 0x000000060e800000|  0%| F|  |TAMS 0x000000060e400000| PB 0x000000060e400000| Untracked |  0
|  54|0x000000060e800000, 0x000000060e800000, 0x000000060ec00000|  0%| F|  |TAMS 0x000000060e800000| PB 0x000000060e800000| Untracked |  0
|  55|0x000000060ec00000, 0x000000060ec00000, 0x000000060f000000|  0%| F|  |TAMS 0x000000060ec00000| PB 0x000000060ec00000| Untracked |  0
|  56|0x000000060f000000, 0x000000060f000000, 0x000000060f400000|  0%| F|  |TAMS 0x000000060f000000| PB 0x000000060f000000| Untracked |  0
|  57|0x000000060f400000, 0x000000060f400000, 0x000000060f800000|  0%| F|  |TAMS 0x000000060f400000| PB 0x000000060f400000| Untracked |  0
|  58|0x000000060f800000, 0x000000060f800000, 0x000000060fc00000|  0%| F|  |TAMS 0x000000060f800000| PB 0x000000060f800000| Untracked |  0
|  59|0x000000060fc00000, 0x000000060fc00000, 0x0000000610000000|  0%| F|  |TAMS 0x000000060fc00000| PB 0x000000060fc00000| Untracked |  0
|  60|0x0000000610000000, 0x0000000610000000, 0x0000000610400000|  0%| F|  |TAMS 0x0000000610000000| PB 0x0000000610000000| Untracked |  0
|  61|0x0000000610400000, 0x0000000610400000, 0x0000000610800000|  0%| F|  |TAMS 0x0000000610400000| PB 0x0000000610400000| Untracked |  0
|  62|0x0000000610800000, 0x0000000610800000, 0x0000000610c00000|  0%| F|  |TAMS 0x0000000610800000| PB 0x0000000610800000| Untracked |  0
|  63|0x0000000610c00000, 0x0000000610c00000, 0x0000000611000000|  0%| F|  |TAMS 0x0000000610c00000| PB 0x0000000610c00000| Untracked |  0
|  64|0x0000000611000000, 0x0000000611000000, 0x0000000611400000|  0%| F|  |TAMS 0x0000000611000000| PB 0x0000000611000000| Untracked |  0
|  65|0x0000000611400000, 0x0000000611400000, 0x0000000611800000|  0%| F|  |TAMS 0x0000000611400000| PB 0x0000000611400000| Untracked |  0
|  66|0x0000000611800000, 0x0000000611800000, 0x0000000611c00000|  0%| F|  |TAMS 0x0000000611800000| PB 0x0000000611800000| Untracked |  0
|  67|0x0000000611c00000, 0x0000000611c00000, 0x0000000612000000|  0%| F|  |TAMS 0x0000000611c00000| PB 0x0000000611c00000| Untracked |  0
|  68|0x0000000612000000, 0x0000000612000000, 0x0000000612400000|  0%| F|  |TAMS 0x0000000612000000| PB 0x0000000612000000| Untracked |  0
|  69|0x0000000612400000, 0x0000000612400000, 0x0000000612800000|  0%| F|  |TAMS 0x0000000612400000| PB 0x0000000612400000| Untracked |  0
|  70|0x0000000612800000, 0x0000000612800000, 0x0000000612c00000|  0%| F|  |TAMS 0x0000000612800000| PB 0x0000000612800000| Untracked |  0
|  71|0x0000000612c00000, 0x0000000612c00000, 0x0000000613000000|  0%| F|  |TAMS 0x0000000612c00000| PB 0x0000000612c00000| Untracked |  0
|  72|0x0000000613000000, 0x0000000613000000, 0x0000000613400000|  0%| F|  |TAMS 0x0000000613000000| PB 0x0000000613000000| Untracked |  0
|  73|0x0000000613400000, 0x0000000613400000, 0x0000000613800000|  0%| F|  |TAMS 0x0000000613400000| PB 0x0000000613400000| Untracked |  0
|  74|0x0000000613800000, 0x0000000613800000, 0x0000000613c00000|  0%| F|  |TAMS 0x0000000613800000| PB 0x0000000613800000| Untracked |  0
|  75|0x0000000613c00000, 0x0000000613c00000, 0x0000000614000000|  0%| F|  |TAMS 0x0000000613c00000| PB 0x0000000613c00000| Untracked |  0
|  76|0x0000000614000000, 0x0000000614000000, 0x0000000614400000|  0%| F|  |TAMS 0x0000000614000000| PB 0x0000000614000000| Untracked |  0
|  77|0x0000000614400000, 0x0000000614400000, 0x0000000614800000|  0%| F|  |TAMS 0x0000000614400000| PB 0x0000000614400000| Untracked |  0
|  78|0x0000000614800000, 0x0000000614800000, 0x0000000614c00000|  0%| F|  |TAMS 0x0000000614800000| PB 0x0000000614800000| Untracked |  0
|  79|0x0000000614c00000, 0x0000000614c00000, 0x0000000615000000|  0%| F|  |TAMS 0x0000000614c00000| PB 0x0000000614c00000| Untracked |  0
|  80|0x0000000615000000, 0x0000000615000000, 0x0000000615400000|  0%| F|  |TAMS 0x0000000615000000| PB 0x0000000615000000| Untracked |  0
|  81|0x0000000615400000, 0x0000000615400000, 0x0000000615800000|  0%| F|  |TAMS 0x0000000615400000| PB 0x0000000615400000| Untracked |  0
|  82|0x0000000615800000, 0x0000000615800000, 0x0000000615c00000|  0%| F|  |TAMS 0x0000000615800000| PB 0x0000000615800000| Untracked |  0
|  83|0x0000000615c00000, 0x0000000615c00000, 0x0000000616000000|  0%| F|  |TAMS 0x0000000615c00000| PB 0x0000000615c00000| Untracked |  0
|  84|0x0000000616000000, 0x0000000616000000, 0x0000000616400000|  0%| F|  |TAMS 0x0000000616000000| PB 0x0000000616000000| Untracked |  0
|  85|0x0000000616400000, 0x0000000616400000, 0x0000000616800000|  0%| F|  |TAMS 0x0000000616400000| PB 0x0000000616400000| Untracked |  0
|  86|0x0000000616800000, 0x0000000616800000, 0x0000000616c00000|  0%| F|  |TAMS 0x0000000616800000| PB 0x0000000616800000| Untracked |  0
|  87|0x0000000616c00000, 0x0000000616c00000, 0x0000000617000000|  0%| F|  |TAMS 0x0000000616c00000| PB 0x0000000616c00000| Untracked |  0
|  88|0x0000000617000000, 0x0000000617000000, 0x0000000617400000|  0%| F|  |TAMS 0x0000000617000000| PB 0x0000000617000000| Untracked |  0
|  89|0x0000000617400000, 0x0000000617400000, 0x0000000617800000|  0%| F|  |TAMS 0x0000000617400000| PB 0x0000000617400000| Untracked |  0
|  90|0x0000000617800000, 0x0000000617800000, 0x0000000617c00000|  0%| F|  |TAMS 0x0000000617800000| PB 0x0000000617800000| Untracked |  0
|  91|0x0000000617c00000, 0x0000000617c00000, 0x0000000618000000|  0%| F|  |TAMS 0x0000000617c00000| PB 0x0000000617c00000| Untracked |  0
|  92|0x0000000618000000, 0x0000000618000000, 0x0000000618400000|  0%| F|  |TAMS 0x0000000618000000| PB 0x0000000618000000| Untracked |  0
|  93|0x0000000618400000, 0x0000000618400000, 0x0000000618800000|  0%| F|  |TAMS 0x0000000618400000| PB 0x0000000618400000| Untracked |  0
|  94|0x0000000618800000, 0x0000000618800000, 0x0000000618c00000|  0%| F|  |TAMS 0x0000000618800000| PB 0x0000000618800000| Untracked |  0
|  95|0x0000000618c00000, 0x0000000618c00000, 0x0000000619000000|  0%| F|  |TAMS 0x0000000618c00000| PB 0x0000000618c00000| Untracked |  0
|  96|0x0000000619000000, 0x0000000619000000, 0x0000000619400000|  0%| F|  |TAMS 0x0000000619000000| PB 0x0000000619000000| Untracked |  0
|  97|0x0000000619400000, 0x0000000619400000, 0x0000000619800000|  0%| F|  |TAMS 0x0000000619400000| PB 0x0000000619400000| Untracked |  0
|  98|0x0000000619800000, 0x0000000619800000, 0x0000000619c00000|  0%| F|  |TAMS 0x0000000619800000| PB 0x0000000619800000| Untracked |  0
|  99|0x0000000619c00000, 0x0000000619c00000, 0x000000061a000000|  0%| F|  |TAMS 0x0000000619c00000| PB 0x0000000619c00000| Untracked |  0
| 100|0x000000061a000000, 0x000000061a000000, 0x000000061a400000|  0%| F|  |TAMS 0x000000061a000000| PB 0x000000061a000000| Untracked |  0
| 101|0x000000061a400000, 0x000000061a400000, 0x000000061a800000|  0%| F|  |TAMS 0x000000061a400000| PB 0x000000061a400000| Untracked |  0
| 102|0x000000061a800000, 0x000000061a800000, 0x000000061ac00000|  0%| F|  |TAMS 0x000000061a800000| PB 0x000000061a800000| Untracked |  0
| 103|0x000000061ac00000, 0x000000061ac00000, 0x000000061b000000|  0%| F|  |TAMS 0x000000061ac00000| PB 0x000000061ac00000| Untracked |  0
| 104|0x000000061b000000, 0x000000061b000000, 0x000000061b400000|  0%| F|  |TAMS 0x000000061b000000| PB 0x000000061b000000| Untracked |  0
| 105|0x000000061b400000, 0x000000061b400000, 0x000000061b800000|  0%| F|  |TAMS 0x000000061b400000| PB 0x000000061b400000| Untracked |  0
| 106|0x000000061b800000, 0x000000061b800000, 0x000000061bc00000|  0%| F|  |TAMS 0x000000061b800000| PB 0x000000061b800000| Untracked |  0
| 107|0x000000061bc00000, 0x000000061bc00000, 0x000000061c000000|  0%| F|  |TAMS 0x000000061bc00000| PB 0x000000061bc00000| Untracked |  0
| 108|0x000000061c000000, 0x000000061c000000, 0x000000061c400000|  0%| F|  |TAMS 0x000000061c000000| PB 0x000000061c000000| Untracked |  0
| 109|0x000000061c400000, 0x000000061c400000, 0x000000061c800000|  0%| F|  |TAMS 0x000000061c400000| PB 0x000000061c400000| Untracked |  0
| 110|0x000000061c800000, 0x000000061c800000, 0x000000061cc00000|  0%| F|  |TAMS 0x000000061c800000| PB 0x000000061c800000| Untracked |  0
| 111|0x000000061cc00000, 0x000000061cc00000, 0x000000061d000000|  0%| F|  |TAMS 0x000000061cc00000| PB 0x000000061cc00000| Untracked |  0
| 112|0x000000061d000000, 0x000000061d000000, 0x000000061d400000|  0%| F|  |TAMS 0x000000061d000000| PB 0x000000061d000000| Untracked |  0
| 113|0x000000061d400000, 0x000000061d400000, 0x000000061d800000|  0%| F|  |TAMS 0x000000061d400000| PB 0x000000061d400000| Untracked |  0
| 114|0x000000061d800000, 0x000000061d800000, 0x000000061dc00000|  0%| F|  |TAMS 0x000000061d800000| PB 0x000000061d800000| Untracked |  0
| 115|0x000000061dc00000, 0x000000061dc00000, 0x000000061e000000|  0%| F|  |TAMS 0x000000061dc00000| PB 0x000000061dc00000| Untracked |  0
| 116|0x000000061e000000, 0x000000061e000000, 0x000000061e400000|  0%| F|  |TAMS 0x000000061e000000| PB 0x000000061e000000| Untracked |  0
| 117|0x000000061e400000, 0x000000061e400000, 0x000000061e800000|  0%| F|  |TAMS 0x000000061e400000| PB 0x000000061e400000| Untracked |  0
| 118|0x000000061e800000, 0x000000061e800000, 0x000000061ec00000|  0%| F|  |TAMS 0x000000061e800000| PB 0x000000061e800000| Untracked |  0
| 119|0x000000061ec00000, 0x000000061ecf5c40, 0x000000061f000000| 24%| E|  |TAMS 0x000000061ec00000| PB 0x000000061ec00000| Complete |  0
| 120|0x000000061f000000, 0x000000061f400000, 0x000000061f400000|100%| E|CS|TAMS 0x000000061f000000| PB 0x000000061f000000| Complete |  0
| 121|0x000000061f400000, 0x000000061f800000, 0x000000061f800000|100%| E|CS|TAMS 0x000000061f400000| PB 0x000000061f400000| Complete |  0
| 122|0x000000061f800000, 0x000000061fc00000, 0x000000061fc00000|100%| E|CS|TAMS 0x000000061f800000| PB 0x000000061f800000| Complete |  0
| 123|0x000000061fc00000, 0x0000000620000000, 0x0000000620000000|100%| E|CS|TAMS 0x000000061fc00000| PB 0x000000061fc00000| Complete |  0
| 124|0x0000000620000000, 0x0000000620400000, 0x0000000620400000|100%| E|CS|TAMS 0x0000000620000000| PB 0x0000000620000000| Complete |  0
| 125|0x0000000620400000, 0x0000000620800000, 0x0000000620800000|100%| E|CS|TAMS 0x0000000620400000| PB 0x0000000620400000| Complete |  0
| 126|0x0000000620800000, 0x0000000620c00000, 0x0000000620c00000|100%| E|CS|TAMS 0x0000000620800000| PB 0x0000000620800000| Complete |  0
| 127|0x0000000620c00000, 0x0000000621000000, 0x0000000621000000|100%| E|CS|TAMS 0x0000000620c00000| PB 0x0000000620c00000| Complete |  0
|2043|0x00000007ffc00000, 0x00000007ffd1c288, 0x0000000800000000| 27%| O|  |TAMS 0x00000007ffc00000| PB 0x00000007ffc00000| Untracked |  0

Card table byte_map: [0x0000025299b90000,0x000002529ab90000] _byte_map_base: 0x0000025296b88000

Marking Bits: (CMBitMap*) 0x00000252ff8d71e0
 Bits: [0x000002529ab90000, 0x00000252a2b50000)

Polling page: 0x00000252ff2d0000

Metaspace:

Usage:
  Non-class:      6.80 MB used.
      Class:    711.93 KB used.
       Both:      7.50 MB used.

Virtual space:
  Non-class space:       64.00 MB reserved,       6.88 MB ( 11%) committed,  1 nodes.
      Class space:        1.00 GB reserved,     832.00 KB ( <1%) committed,  1 nodes.
             Both:        1.06 GB reserved,       7.69 MB ( <1%) committed. 

Chunk freelists:
   Non-Class:  8.96 MB
       Class:  15.22 MB
        Both:  24.18 MB

MaxMetaspaceSize: unlimited
CompressedClassSpaceSize: 1.00 GB
Initial GC threshold: 21.00 MB
Current GC threshold: 21.00 MB
CDS: on
 - commit_granule_bytes: 65536.
 - commit_granule_words: 8192.
 - virtual_space_node_default_size: 8388608.
 - enlarge_chunks_in_place: 1.
UseCompressedClassPointers 1, UseCompactObjectHeaders 0
Narrow klass pointer bits 32, Max shift 3
Narrow klass base: 0x00000252a6000000, Narrow klass shift: 0
Encoding Range: [0x00000252a6000000 - 0x00000253a6000000), (4294967296 bytes)
Klass Range:    [0x00000252a6000000 - 0x00000252e7000000), (1090519040 bytes)
Klass ID Range:  [8 - 1090519033) (1090519025)


Internal statistics:

num_allocs_failed_limit: 0.
num_arena_births: 142.
num_arena_deaths: 0.
num_vsnodes_births: 2.
num_vsnodes_deaths: 0.
num_space_committed: 123.
num_space_uncommitted: 0.
num_chunks_returned_to_freelist: 0.
num_chunks_taken_from_freelist: 183.
num_chunk_merges: 0.
num_chunk_splits: 111.
num_chunks_enlarged: 50.
num_inconsistent_stats: 0.

CodeHeap 'non-profiled nmethods': size=119232Kb used=601Kb max_used=601Kb free=118630Kb
 bounds [0x0000025290b70000, 0x0000025290de0000, 0x0000025297fe0000]
CodeHeap 'profiled nmethods': size=119104Kb used=2736Kb max_used=2736Kb free=116367Kb
 bounds [0x0000025288fe0000, 0x0000025289290000, 0x0000025290430000]
CodeHeap 'non-nmethods': size=7424Kb used=3016Kb max_used=3062Kb free=4407Kb
 bounds [0x0000025290430000, 0x0000025290740000, 0x0000025290b70000]
CodeCache: size=245760Kb, used=6353Kb, max_used=6399Kb, free=239404Kb
 total_blobs=2409, nmethods=1909, adapters=402, full_count=0
Compilation: enabled, stopped_count=0, restarted_count=0

Compilation events (20 events):
Event: 0.448 Thread 0x00000252a5ca0c10 1674       3       java.lang.invoke.DirectMethodHandle::preparedLambdaForm (6 bytes)
Event: 0.448 Thread 0x00000252a5b6be10 1675       1       jdk.internal.classfile.impl.DirectClassBuilder::setInterfaces (6 bytes)
Event: 0.448 Thread 0x00000252a5ca0c10 nmethod 1674 0x0000025289226388 code [0x00000252892264a0, 0x00000252892265c0]
Event: 0.448 Thread 0x00000252a5b6be10 nmethod 1675 0x0000025290bf0688 code [0x0000025290bf07a0, 0x0000025290bf08b8]
Event: 0.450 Thread 0x00000252ecc43a90 nmethod 1543 0x0000025290bf0988 code [0x0000025290bf0b60, 0x0000025290bf16e0]
Event: 0.451 Thread 0x00000252eba33c30 1676       3       java.lang.invoke.MethodHandleNatives::refKindIsMethod (19 bytes)
Event: 0.451 Thread 0x00000252a5b6ad60 nmethod 1465 0x0000025290bf1788 code [0x0000025290bf18e0, 0x0000025290bf2130]
Event: 0.451 Thread 0x00000252eba33c30 nmethod 1676 0x0000025289226688 code [0x00000252892267a0, 0x00000252892269b8]
Event: 0.451 Thread 0x00000252ecc43a90 1677       4       java.lang.Class::getPackageName (81 bytes)
Event: 0.451 Thread 0x00000252a5c8bca0 1678       3       java.util.Properties::getProperty (50 bytes)
Event: 0.451 Thread 0x00000252eba33c30 1679       1       java.util.logging.Logger::getName (5 bytes)
Event: 0.452 Thread 0x00000252a5c8bca0 nmethod 1678 0x0000025289226a08 code [0x0000025289226b60, 0x0000025289227018]
Event: 0.452 Thread 0x00000252eba33c30 nmethod 1679 0x0000025290bf2188 code [0x0000025290bf2280, 0x0000025290bf2348]
Event: 0.452 Thread 0x00000252a5c8bca0 1681       3       java.lang.StringConcatHelper::simpleConcat (48 bytes)
Event: 0.452 Thread 0x00000252eba33c30 1680       3       java.lang.invoke.DirectMethodHandle$Holder::invokeStatic (15 bytes)
Event: 0.452 Thread 0x00000252eba33c30 nmethod 1680 0x0000025289227088 code [0x00000252892271c0, 0x0000025289227718]
Event: 0.453 Thread 0x00000252a5c8bca0 nmethod 1681 0x0000025289227788 code [0x0000025289227a00, 0x0000025289229178]
Event: 0.453 Thread 0x00000252ecc43a90 nmethod 1677 0x0000025290bf2488 code [0x0000025290bf25e0, 0x0000025290bf2930]
Event: 0.454 Thread 0x00000252a5ca0c10 1682       3       java.lang.Math::max (12 bytes)
Event: 0.454 Thread 0x00000252a5ca0c10 nmethod 1682 0x0000025289229208 code [0x0000025289229320, 0x0000025289229450]

GC Heap History (0 events):
No events

Dll operation events (11 events):
Event: 0.010 Loaded shared library C:\Users\juand\.jdks\openjdk-24.0.1\bin\java.dll
Event: 0.032 Loaded shared library C:\Users\juand\.jdks\openjdk-24.0.1\bin\jsvml.dll
Event: 0.073 Loaded shared library C:\Users\juand\.jdks\openjdk-24.0.1\bin\zip.dll
Event: 0.076 Loaded shared library C:\Users\juand\.jdks\openjdk-24.0.1\bin\instrument.dll
Event: 0.080 Loaded shared library C:\Users\juand\.jdks\openjdk-24.0.1\bin\net.dll
Event: 0.082 Loaded shared library C:\Users\juand\.jdks\openjdk-24.0.1\bin\nio.dll
Event: 0.087 Loaded shared library C:\Users\juand\.jdks\openjdk-24.0.1\bin\zip.dll
Event: 0.118 Loaded shared library C:\Users\juand\.jdks\openjdk-24.0.1\bin\extnet.dll
Event: 0.160 Loaded shared library C:\Users\juand\.jdks\openjdk-24.0.1\bin\jimage.dll
Event: 0.237 Loaded shared library C:\Users\juand\.jdks\openjdk-24.0.1\bin\management.dll
Event: 0.251 Loaded shared library C:\Users\juand\.jdks\openjdk-24.0.1\bin\management_ext.dll

Deoptimization events (20 events):
Event: 0.444 Thread 0x00000252a5b56390 Uncommon trap: trap_request=0xffffffde fr.pc=0x0000025290be909c relative=0x000000000000007c
Event: 0.444 Thread 0x00000252a5b56390 Uncommon trap: reason=class_check action=maybe_recompile pc=0x0000025290be909c method=java.util.Collections$UnmodifiableCollection$1.hasNext()Z @ 4 c2
Event: 0.444 Thread 0x00000252a5b56390 DEOPT PACKING pc=0x0000025290be909c sp=0x000000d17e8fea40
Event: 0.444 Thread 0x00000252a5b56390 DEOPT UNPACKING pc=0x0000025290545882 sp=0x000000d17e8fe9e0 mode 2
Event: 0.444 Thread 0x00000252a5b56390 Uncommon trap: trap_request=0xffffffde fr.pc=0x0000025290be909c relative=0x000000000000007c
Event: 0.444 Thread 0x00000252a5b56390 Uncommon trap: reason=class_check action=maybe_recompile pc=0x0000025290be909c method=java.util.Collections$UnmodifiableCollection$1.hasNext()Z @ 4 c2
Event: 0.444 Thread 0x00000252a5b56390 DEOPT PACKING pc=0x0000025290be909c sp=0x000000d17e8fea40
Event: 0.444 Thread 0x00000252a5b56390 DEOPT UNPACKING pc=0x0000025290545882 sp=0x000000d17e8fe9e0 mode 2
Event: 0.444 Thread 0x00000252a5b56390 Uncommon trap: trap_request=0xffffffde fr.pc=0x0000025290be909c relative=0x000000000000007c
Event: 0.444 Thread 0x00000252a5b56390 Uncommon trap: reason=class_check action=maybe_recompile pc=0x0000025290be909c method=java.util.Collections$UnmodifiableCollection$1.hasNext()Z @ 4 c2
Event: 0.445 Thread 0x00000252a5b56390 DEOPT PACKING pc=0x0000025290be909c sp=0x000000d17e8fea40
Event: 0.445 Thread 0x00000252a5b56390 DEOPT UNPACKING pc=0x0000025290545882 sp=0x000000d17e8fe9e0 mode 2
Event: 0.445 Thread 0x00000252a5b56390 Uncommon trap: trap_request=0xffffffde fr.pc=0x0000025290be909c relative=0x000000000000007c
Event: 0.445 Thread 0x00000252a5b56390 Uncommon trap: reason=class_check action=maybe_recompile pc=0x0000025290be909c method=java.util.Collections$UnmodifiableCollection$1.hasNext()Z @ 4 c2
Event: 0.445 Thread 0x00000252a5b56390 DEOPT PACKING pc=0x0000025290be909c sp=0x000000d17e8fea40
Event: 0.445 Thread 0x00000252a5b56390 DEOPT UNPACKING pc=0x0000025290545882 sp=0x000000d17e8fe9e0 mode 2
Event: 0.448 Thread 0x00000252a5b56390 Uncommon trap: trap_request=0xffffff4d fr.pc=0x0000025290be8428 relative=0x0000000000000288
Event: 0.448 Thread 0x00000252a5b56390 Uncommon trap: reason=unstable_if action=reinterpret pc=0x0000025290be8428 method=java.lang.String.startsWith(Ljava/lang/String;I)Z @ 1 c2
Event: 0.448 Thread 0x00000252a5b56390 DEOPT PACKING pc=0x0000025290be8428 sp=0x000000d17e8fefa0
Event: 0.448 Thread 0x00000252a5b56390 DEOPT UNPACKING pc=0x0000025290545882 sp=0x000000d17e8fef50 mode 2

Classes loaded (20 events):
Event: 0.455 Loading class javax/security/auth/login/Configuration$Parameters done
Event: 0.455 Loading class jdk/internal/math/FloatingDecimal
Event: 0.455 Loading class jdk/internal/math/FloatingDecimal done
Event: 0.455 Loading class jdk/internal/math/FloatingDecimal$ExceptionalBinaryToASCIIBuffer
Event: 0.455 Loading class jdk/internal/math/FloatingDecimal$BinaryToASCIIConverter
Event: 0.455 Loading class jdk/internal/math/FloatingDecimal$BinaryToASCIIConverter done
Event: 0.455 Loading class jdk/internal/math/FloatingDecimal$ExceptionalBinaryToASCIIBuffer done
Event: 0.455 Loading class jdk/internal/math/FloatingDecimal$BinaryToASCIIBuffer
Event: 0.455 Loading class jdk/internal/math/FloatingDecimal$BinaryToASCIIBuffer done
Event: 0.455 Loading class jdk/internal/math/FloatingDecimal$1
Event: 0.455 Loading class jdk/internal/math/FloatingDecimal$1 done
Event: 0.455 Loading class jdk/internal/math/FloatingDecimal$PreparedASCIIToBinaryBuffer
Event: 0.455 Loading class jdk/internal/math/FloatingDecimal$ASCIIToBinaryConverter
Event: 0.455 Loading class jdk/internal/math/FloatingDecimal$ASCIIToBinaryConverter done
Event: 0.455 Loading class jdk/internal/math/FloatingDecimal$PreparedASCIIToBinaryBuffer done
Event: 0.455 Loading class jdk/internal/math/FloatingDecimal$ASCIIToBinaryBuffer
Event: 0.455 Loading class jdk/internal/math/FloatingDecimal$ASCIIToBinaryBuffer done
Event: 0.456 Loading class java/util/AbstractList$Itr
Event: 0.456 Loading class java/util/AbstractList$Itr done
Event: 0.456 Loading class sun/security/provider/Sun

Classes unloaded (0 events):
No events

Classes redefined (0 events):
No events

Internal exceptions (20 events):
Event: 0.113 Thread 0x00000252ffd3e550 Exception <a 'java/lang/NoSuchMethodError'{0x00000006208ff4e8}: 'java.lang.Object java.lang.invoke.DirectMethodHandle$Holder.invokeStaticInit(java.lang.Object, java.lang.Object, java.lang.Object)'> (0x00000006208ff4e8) 
thrown [s\open\src\hotspot\share\interpreter\linkResolver.cpp, line 805]
Event: 0.116 Thread 0x00000252a5b5eef0 Exception <a 'java/lang/NoSuchMethodError'{0x00000006209f0eb0}: 'java.lang.Object java.lang.invoke.DirectMethodHandle$Holder.invokeStaticInit(java.lang.Object)'> (0x00000006209f0eb0) 
thrown [s\open\src\hotspot\share\interpreter\linkResolver.cpp, line 805]
Event: 0.119 Thread 0x00000252a5b5eef0 Exception <a 'java/lang/NoSuchMethodError'{0x00000006209fbae0}: 'void java.lang.invoke.DirectMethodHandle$Holder.invokeStatic(java.lang.Object, java.lang.Object)'> (0x00000006209fbae0) 
thrown [s\open\src\hotspot\share\interpreter\linkResolver.cpp, line 805]
Event: 0.174 Thread 0x00000252ffd3e550 Exception <a 'java/lang/NoSuchMethodError'{0x0000000620bef168}: 'void java.lang.invoke.DirectMethodHandle$Holder.invokeStaticInit(java.lang.Object)'> (0x0000000620bef168) 
thrown [s\open\src\hotspot\share\interpreter\linkResolver.cpp, line 805]
Event: 0.188 Thread 0x00000252ffd3e550 Exception <a 'java/lang/NoSuchMethodError'{0x0000000620461898}: 'void java.lang.invoke.DirectMethodHandle$Holder.invokeSpecial(java.lang.Object, java.lang.Object, java.lang.Object)'> (0x0000000620461898) 
thrown [s\open\src\hotspot\share\interpreter\linkResolver.cpp, line 805]
Event: 0.200 Thread 0x00000252ffd3e550 Exception <a 'java/lang/NoSuchMethodError'{0x00000006204c8e78}: 'java.lang.Object java.lang.invoke.DirectMethodHandle$Holder.newInvokeSpecial(java.lang.Object, java.lang.Object, java.lang.Object, java.lang.Object, java.lang.Object)'> (0x00000006204c8e78) 
thrown [s\open\src\hotspot\share\interpreter\linkResolver.cpp, line 805]
Event: 0.204 Thread 0x00000252a5b56390 Exception <a 'java/lang/NoSuchMethodError'{0x0000000620e69ac0}: 'java.lang.Object java.lang.invoke.DirectMethodHandle$Holder.newInvokeSpecial(java.lang.Object, java.lang.Object, java.lang.Object, int)'> (0x0000000620e69ac0) 
thrown [s\open\src\hotspot\share\interpreter\linkResolver.cpp, line 805]
Event: 0.204 Thread 0x00000252a5b56390 Exception <a 'java/lang/NoSuchMethodError'{0x0000000620e726b8}: 'java.lang.Object java.lang.invoke.Invokers$Holder.linkToTargetMethod(java.lang.Object, java.lang.Object, int, java.lang.Object)'> (0x0000000620e726b8) 
thrown [s\open\src\hotspot\share\interpreter\linkResolver.cpp, line 805]
Event: 0.210 Thread 0x00000252a5b56390 Exception <a 'java/lang/NoSuchMethodError'{0x0000000620eaec20}: 'long java.lang.invoke.DirectMethodHandle$Holder.invokeSpecial(java.lang.Object, java.lang.Object)'> (0x0000000620eaec20) 
thrown [s\open\src\hotspot\share\interpreter\linkResolver.cpp, line 805]
Event: 0.232 Thread 0x00000252ffd3e550 Exception <a 'java/lang/NoSuchMethodError'{0x0000000620757050}: 'long java.lang.invoke.DirectMethodHandle$Holder.invokeVirtual(java.lang.Object, java.lang.Object)'> (0x0000000620757050) 
thrown [s\open\src\hotspot\share\interpreter\linkResolver.cpp, line 805]
Event: 0.262 Thread 0x00000252a5b56390 Exception <a 'java/lang/NoSuchMethodError'{0x0000000620643e48}: 'int java.lang.invoke.DirectMethodHandle$Holder.invokeInterface(java.lang.Object, java.lang.Object)'> (0x0000000620643e48) 
thrown [s\open\src\hotspot\share\interpreter\linkResolver.cpp, line 805]
Event: 0.263 Thread 0x00000252a5b56390 Exception <a 'java/lang/IncompatibleClassChangeError'{0x000000062064bac8}: Found class java.lang.Object, but interface was expected> (0x000000062064bac8) 
thrown [s\open\src\hotspot\share\interpreter\linkResolver.cpp, line 872]
Event: 0.282 Thread 0x00000252ffd3e550 Exception <a 'java/lang/NoSuchMethodError'{0x00000006201cdd78}: 'int java.lang.invoke.DirectMethodHandle$Holder.invokeSpecial(java.lang.Object, java.lang.Object, java.lang.Object)'> (0x00000006201cdd78) 
thrown [s\open\src\hotspot\share\interpreter\linkResolver.cpp, line 805]
Event: 0.338 Thread 0x00000252ffd3e550 Exception <a 'java/lang/NoSuchMethodError'{0x000000061fc95688}: 'void java.lang.invoke.DirectMethodHandle$Holder.invokeSpecial(java.lang.Object, java.lang.Object, int)'> (0x000000061fc95688) 
thrown [s\open\src\hotspot\share\interpreter\linkResolver.cpp, line 805]
Event: 0.338 Thread 0x00000252ffd3e550 Exception <a 'java/lang/NoSuchMethodError'{0x000000061fc9d2a8}: 'void java.lang.invoke.Invokers$Holder.invokeExact_MT(java.lang.Object, int, java.lang.Object)'> (0x000000061fc9d2a8) 
thrown [s\open\src\hotspot\share\interpreter\linkResolver.cpp, line 805]
Event: 0.341 Thread 0x00000252ffd3e550 Exception <a 'java/lang/NoSuchMethodError'{0x000000061fcb7b58}: 'void java.lang.invoke.DirectMethodHandle$Holder.invokeStatic(java.lang.Object, java.lang.Object, int)'> (0x000000061fcb7b58) 
thrown [s\open\src\hotspot\share\interpreter\linkResolver.cpp, line 805]
Event: 0.341 Thread 0x00000252ffd3e550 Exception <a 'java/lang/NoSuchMethodError'{0x000000061fcc6c48}: 'java.lang.Object java.lang.invoke.DirectMethodHandle$Holder.newInvokeSpecial(java.lang.Object, java.lang.Object, int)'> (0x000000061fcc6c48) 
thrown [s\open\src\hotspot\share\interpreter\linkResolver.cpp, line 805]
Event: 0.357 Thread 0x00000252ffd3e550 Exception <a 'sun/nio/fs/WindowsException'{0x000000061f8fb050}> (0x000000061f8fb050) 
thrown [s\open\src\hotspot\share\prims\jni.cpp, line 518]
Event: 0.360 Thread 0x00000252ffd3e550 Exception <a 'sun/nio/fs/WindowsException'{0x000000061f907e28}> (0x000000061f907e28) 
thrown [s\open\src\hotspot\share\prims\jni.cpp, line 518]
Event: 0.363 Thread 0x00000252ffd3e550 Exception <a 'sun/nio/fs/WindowsException'{0x000000061f919be8}> (0x000000061f919be8) 
thrown [s\open\src\hotspot\share\prims\jni.cpp, line 518]

VM Operations (12 events):
Event: 0.061 Executing VM operation: HandshakeAllThreads (Deoptimize)
Event: 0.061 Executing VM operation: HandshakeAllThreads (Deoptimize) done
Event: 0.210 Executing VM operation: HandshakeAllThreads (Deoptimize)
Event: 0.210 Executing VM operation: HandshakeAllThreads (Deoptimize) done
Event: 0.343 Executing VM operation: HandshakeAllThreads (Deoptimize)
Event: 0.343 Executing VM operation: HandshakeAllThreads (Deoptimize) done
Event: 0.355 Executing VM operation: HandshakeAllThreads (Deoptimize)
Event: 0.355 Executing VM operation: HandshakeAllThreads (Deoptimize) done
Event: 0.390 Executing VM operation: JFRSafepointClear
Event: 0.390 Executing VM operation: JFRSafepointClear done
Event: 0.454 Executing VM operation: HandshakeAllThreads (Deoptimize)
Event: 0.454 Executing VM operation: HandshakeAllThreads (Deoptimize) done

Memory protections (0 events):
No events

Nmethod flushes (0 events):
No events

Events (20 events):
Event: 0.030 Thread 0x00000252ffd3e550 Thread added: 0x00000252a5b534c0
Event: 0.030 Thread 0x00000252ffd3e550 Thread added: 0x00000252a5b56390
Event: 0.030 Thread 0x00000252ffd3e550 Thread added: 0x00000252a5b57780
Event: 0.030 Thread 0x00000252ffd3e550 Thread added: 0x00000252a5b5d900
Event: 0.030 Thread 0x00000252ffd3e550 Thread added: 0x00000252a5b6ad60
Event: 0.030 Thread 0x00000252ffd3e550 Thread added: 0x00000252a5b6be10
Event: 0.061 Thread 0x00000252a5b6be10 Thread added: 0x00000252a5c8bca0
Event: 0.063 Thread 0x00000252a5b6be10 Thread added: 0x00000252a5ca0c10
Event: 0.079 Thread 0x00000252ffd3e550 Thread added: 0x00000252a5b5e7a0
Event: 0.095 Thread 0x00000252a5b6ad60 Thread added: 0x00000252eb0541a0
Event: 0.108 Thread 0x00000252ffd3e550 Thread added: 0x00000252a5b5eef0
Event: 0.173 Thread 0x00000252ffd3e550 Thread added: 0x00000252a5b5f640
Event: 0.241 Thread 0x00000252a5b6ad60 Thread added: 0x00000252eb9e5ac0
Event: 0.242 Thread 0x00000252a5c8bca0 Thread added: 0x00000252ec70fe40
Event: 0.259 Thread 0x00000252a5c8bca0 Thread added: 0x00000252eba39920
Event: 0.259 Thread 0x00000252a5c8bca0 Thread added: 0x00000252eba3ae30
Event: 0.299 Thread 0x00000252a5c8bca0 Thread added: 0x00000252eba33c30
Event: 0.342 Thread 0x00000252ffd3e550 Thread added: 0x00000252a5b5d1b0
Event: 0.383 Thread 0x00000252eba33c30 Thread added: 0x00000252eba96de0
Event: 0.390 Thread 0x00000252a5c8bca0 Thread added: 0x00000252ecc43a90


Dynamic libraries:
0x00007ff7c8430000 - 0x00007ff7c843e000 	C:\Users\juand\.jdks\openjdk-24.0.1\bin\java.exe
0x00007ff9eed80000 - 0x00007ff9eefe5000 	C:\WINDOWS\SYSTEM32\ntdll.dll
0x00007ff9eda50000 - 0x00007ff9edb19000 	C:\WINDOWS\System32\KERNEL32.DLL
0x00007ff9ec020000 - 0x00007ff9ec408000 	C:\WINDOWS\System32\KERNELBASE.dll
0x00007ff9ec660000 - 0x00007ff9ec7ab000 	C:\WINDOWS\System32\ucrtbase.dll
0x00007ff9d4d40000 - 0x00007ff9d4d5b000 	C:\Users\juand\.jdks\openjdk-24.0.1\bin\VCRUNTIME140.dll
0x00007ff9d4d20000 - 0x00007ff9d4d36000 	C:\Users\juand\.jdks\openjdk-24.0.1\bin\jli.dll
0x00007ff9ecdb0000 - 0x00007ff9ecf7a000 	C:\WINDOWS\System32\USER32.dll
0x00007ff9d08d0000 - 0x00007ff9d0b6a000 	C:\WINDOWS\WinSxS\amd64_microsoft.windows.common-controls_6595b64144ccf1df_6.0.26100.4202_none_3e0698d4e335f517\COMCTL32.dll
0x00007ff9ec410000 - 0x00007ff9ec437000 	C:\WINDOWS\System32\win32u.dll
0x00007ff9ede40000 - 0x00007ff9edee9000 	C:\WINDOWS\System32\msvcrt.dll
0x00007ff9edfe0000 - 0x00007ff9ee00b000 	C:\WINDOWS\System32\GDI32.dll
0x00007ff9ec860000 - 0x00007ff9ec997000 	C:\WINDOWS\System32\gdi32full.dll
0x00007ff9ec7b0000 - 0x00007ff9ec853000 	C:\WINDOWS\System32\msvcp_win.dll
0x00007ff9eeaa0000 - 0x00007ff9eead0000 	C:\WINDOWS\System32\IMM32.DLL
0x00007ff9e5a10000 - 0x00007ff9e5a1c000 	C:\Users\juand\.jdks\openjdk-24.0.1\bin\vcruntime140_1.dll
0x00007ff9b2ae0000 - 0x00007ff9b2b6e000 	C:\Users\juand\.jdks\openjdk-24.0.1\bin\msvcp140.dll
0x00007ff9330e0000 - 0x00007ff933e82000 	C:\Users\juand\.jdks\openjdk-24.0.1\bin\server\jvm.dll
0x00007ff9eccf0000 - 0x00007ff9ecda3000 	C:\WINDOWS\System32\ADVAPI32.dll
0x00007ff9ee5e0000 - 0x00007ff9ee686000 	C:\WINDOWS\System32\sechost.dll
0x00007ff9ee4b0000 - 0x00007ff9ee5c5000 	C:\WINDOWS\System32\RPCRT4.dll
0x00007ff9ee690000 - 0x00007ff9ee704000 	C:\WINDOWS\System32\WS2_32.dll
0x00007ff9eb730000 - 0x00007ff9eb78e000 	C:\WINDOWS\SYSTEM32\POWRPROF.dll
0x00007ff9df850000 - 0x00007ff9df885000 	C:\WINDOWS\SYSTEM32\WINMM.dll
0x00007ff9e5560000 - 0x00007ff9e556b000 	C:\WINDOWS\SYSTEM32\VERSION.dll
0x00007ff9eb710000 - 0x00007ff9eb724000 	C:\WINDOWS\SYSTEM32\UMPDC.dll
0x00007ff9eac50000 - 0x00007ff9eac6b000 	C:\WINDOWS\SYSTEM32\kernel.appcore.dll
0x00007ff9d5a70000 - 0x00007ff9d5a7a000 	C:\Users\juand\.jdks\openjdk-24.0.1\bin\jimage.dll
0x00007ff9d5b40000 - 0x00007ff9d5d81000 	C:\WINDOWS\SYSTEM32\DBGHELP.DLL
0x00007ff9ee710000 - 0x00007ff9eea95000 	C:\WINDOWS\System32\combase.dll
0x00007ff9edef0000 - 0x00007ff9edfd1000 	C:\WINDOWS\System32\OLEAUT32.dll
0x00007ff9cece0000 - 0x00007ff9ced19000 	C:\WINDOWS\SYSTEM32\dbgcore.DLL
0x00007ff9ec440000 - 0x00007ff9ec4d9000 	C:\WINDOWS\System32\bcryptPrimitives.dll
0x00007ff9d4c60000 - 0x00007ff9d4c6f000 	C:\Users\juand\.jdks\openjdk-24.0.1\bin\instrument.dll
0x00007ff9d4bb0000 - 0x00007ff9d4bce000 	C:\Users\juand\.jdks\openjdk-24.0.1\bin\java.dll
0x00007ff9edc90000 - 0x00007ff9ede2e000 	C:\WINDOWS\System32\ole32.dll
0x00007ff9ecf80000 - 0x00007ff9ed6c2000 	C:\WINDOWS\System32\SHELL32.dll
0x00007ff9ec4e0000 - 0x00007ff9ec654000 	C:\WINDOWS\System32\wintypes.dll
0x00007ff949750000 - 0x00007ff94995e000 	C:\Users\juand\AppData\Local\Temp\idea_libasyncProfiler_dll_temp_folder14206\libasyncProfiler.dll
0x00007ff9e9b10000 - 0x00007ff9ea368000 	C:\WINDOWS\SYSTEM32\windows.storage.dll
0x00007ff9ed6d0000 - 0x00007ff9ed7c1000 	C:\WINDOWS\System32\SHCORE.dll
0x00007ff9edb20000 - 0x00007ff9edb8a000 	C:\WINDOWS\System32\shlwapi.dll
0x00007ff9ebde0000 - 0x00007ff9ebe0f000 	C:\WINDOWS\SYSTEM32\profapi.dll
0x00007ff958f60000 - 0x00007ff959037000 	C:\Users\juand\.jdks\openjdk-24.0.1\bin\jsvml.dll
0x00007ff9cfc80000 - 0x00007ff9cfc97000 	C:\Users\juand\.jdks\openjdk-24.0.1\bin\zip.dll
0x00007ff9d3c30000 - 0x00007ff9d3c40000 	C:\Users\juand\.jdks\openjdk-24.0.1\bin\net.dll
0x00007ff9eb1a0000 - 0x00007ff9eb20a000 	C:\WINDOWS\system32\mswsock.dll
0x00007ff9d3c10000 - 0x00007ff9d3c26000 	C:\Users\juand\.jdks\openjdk-24.0.1\bin\nio.dll
0x00007ff9cfc30000 - 0x00007ff9cfc39000 	C:\Users\juand\.jdks\openjdk-24.0.1\bin\extnet.dll
0x00007ff9ea6f0000 - 0x00007ff9ea817000 	C:\WINDOWS\SYSTEM32\DNSAPI.dll
0x00007ff9ea660000 - 0x00007ff9ea693000 	C:\WINDOWS\SYSTEM32\IPHLPAPI.DLL
0x00007ff9eed30000 - 0x00007ff9eed3a000 	C:\WINDOWS\System32\NSI.dll
0x00007ff9e4b90000 - 0x00007ff9e4b9b000 	C:\Windows\System32\rasadhlp.dll
0x00007ff9e0890000 - 0x00007ff9e0916000 	C:\WINDOWS\System32\fwpuclnt.dll
0x00007ff9cd330000 - 0x00007ff9cd33a000 	C:\Users\juand\.jdks\openjdk-24.0.1\bin\management.dll
0x00007ff9beff0000 - 0x00007ff9beffb000 	C:\Users\juand\.jdks\openjdk-24.0.1\bin\management_ext.dll
0x00007ff9eed20000 - 0x00007ff9eed28000 	C:\WINDOWS\System32\PSAPI.DLL
0x00007ff9eb580000 - 0x00007ff9eb59b000 	C:\WINDOWS\SYSTEM32\CRYPTSP.dll
0x00007ff9eabb0000 - 0x00007ff9eabea000 	C:\WINDOWS\system32\rsaenh.dll
0x00007ff9eb240000 - 0x00007ff9eb26b000 	C:\WINDOWS\SYSTEM32\USERENV.dll
0x00007ff9ebdb0000 - 0x00007ff9ebdd6000 	C:\WINDOWS\SYSTEM32\bcrypt.dll
0x00007ff9eb3e0000 - 0x00007ff9eb3ec000 	C:\WINDOWS\SYSTEM32\CRYPTBASE.dll
0x00007ff9cde30000 - 0x00007ff9cde48000 	C:\WINDOWS\system32\napinsp.dll
0x00007ff9cdde0000 - 0x00007ff9cddf2000 	C:\WINDOWS\System32\winrnr.dll
0x00007ff9cdda0000 - 0x00007ff9cddd0000 	C:\WINDOWS\system32\nlansp_c.dll
0x00007ff9cd8b0000 - 0x00007ff9cd8d0000 	C:\WINDOWS\system32\wshbth.dll

JVMTI agents:
H:\Desarrollo\JetBrains\IntelliJ IDEA 2024.3.2\lib\idea_rt.jar path:C:\Users\juand\.jdks\openjdk-24.0.1\bin\instrument.dll, loaded, initialized, instrumentlib options:49597
C:\Users\juand\AppData\Local\Temp\idea_libasyncProfiler_dll_temp_folder14206\libasyncProfiler.dll path:C:\Users\juand\AppData\Local\Temp\idea_libasyncProfiler_dll_temp_folder14206\libasyncProfiler.dll, loaded, initialized, options:start,jfr,event=wall,interval=10ms,jfrsync=profile,cstack=no,file=C:\Users\juand\IdeaSnapshots\Main_2025_06_15_172827.jfr,dbghelppath=C:\Users\juand\AppData\Local\Temp\idea_dbghelp_dll_temp_folder9\dbghelp.dll,log=C:\Users\juand\AppData\Local\Temp\Main_2025_06_15_172827.jfr.log.txt,logLevel=DEBUG

dbghelp: loaded successfully - version: 4.0.5 - missing functions: none
symbol engine: initialized successfully - sym options: 0x614 - pdb path: .;C:\Users\juand\.jdks\openjdk-24.0.1\bin;C:\WINDOWS\SYSTEM32;C:\WINDOWS\WinSxS\amd64_microsoft.windows.common-controls_6595b64144ccf1df_6.0.26100.4202_none_3e0698d4e335f517;C:\Users\juand\.jdks\openjdk-24.0.1\bin\server;C:\Users\juand\AppData\Local\Temp\idea_libasyncProfiler_dll_temp_folder14206

VM Arguments:
jvm_args: -javaagent:H:\Desarrollo\JetBrains\IntelliJ IDEA 2024.3.2\lib\idea_rt.jar=49597 -agentpath:C:\Users\juand\AppData\Local\Temp\idea_libasyncProfiler_dll_temp_folder14206\libasyncProfiler.dll=start,jfr,event=wall,interval=10ms,jfrsync=profile,cstack=no,file=C:\Users\juand\IdeaSnapshots\Main_2025_06_15_172827.jfr,dbghelppath=C:\Users\juand\AppData\Local\Temp\idea_dbghelp_dll_temp_folder9\dbghelp.dll,log=C:\Users\juand\AppData\Local\Temp\Main_2025_06_15_172827.jfr.log.txt,logLevel=DEBUG -Dfile.encoding=UTF-8 -Dsun.stdout.encoding=UTF-8 -Dsun.stderr.encoding=UTF-8 
java_command: Main
java_class_path (initial): C:\Users\juand\OneDrive - Universidad de Montevideo\obligatorio_programacion_2\out\production\obligatorio_programacion_2;C:\Users\juand\.m2\repository\org\json\json\20250517\json-20250517.jar;C:\Users\juand\.m2\repository\com\opencsv\opencsv\5.11.1\opencsv-5.11.1.jar;C:\Users\juand\.m2\repository\org\apache\commons\commons-lang3\3.17.0\commons-lang3-3.17.0.jar;C:\Users\juand\.m2\repository\org\apache\commons\commons-text\1.13.1\commons-text-1.13.1.jar;C:\Users\juand\.m2\repository\commons-beanutils\commons-beanutils\1.11.0\commons-beanutils-1.11.0.jar;C:\Users\juand\.m2\repository\commons-logging\commons-logging\1.3.5\commons-logging-1.3.5.jar;C:\Users\juand\.m2\repository\commons-collections\commons-collections\3.2.2\commons-collections-3.2.2.jar;C:\Users\juand\.m2\repository\org\apache\commons\commons-collections4\4.5.0\commons-collections4-4.5.0.jar;C:\Users\juand\.m2\repository\org\junit\vintage\junit-vintage-engine\5.11.4\junit-vintage-engine-5.11.4.jar;C:\Users\juand\.m2\repository\org\junit\platform\junit-platform-engine\1.11.4\junit-platform-engine-1.11.4.jar;C:\Users\juand\.m2\repository\org\opentest4j\opentest4j\1.3.0\opentest4j-1.3.0.jar;C:\Users\juand\.m2\repository\org\junit\platform\junit-platform-commons\1.11.4\junit-platform-commons-1.11.4.jar;C:\Users\juand\.m2\repository\junit\junit\4.13.2\junit-4.13.2.jar;C:\Users\juand\.m2\repository\org\hamcrest\hamcrest-core\1.3\hamcrest-core-1.3.jar;C:\Users\juand\.m2\repository\org\apiguardian\apiguardian-api\1.1.2\apiguardian-api-1.1.2.jar
Launcher Type: SUN_STANDARD

[Global flags]
     intx CICompilerCount                          = 12                                        {product} {ergonomic}
     uint ConcGCThreads                            = 3                                         {product} {ergonomic}
     bool FlightRecorder                           = true                                      {product} {management}
     uint G1ConcRefinementThreads                  = 13                                        {product} {ergonomic}
   size_t G1HeapRegionSize                         = 4194304                                   {product} {ergonomic}
   size_t InitialHeapSize                          = 536870912                                 {product} {ergonomic}
   size_t MarkStackSize                            = 4194304                                   {product} {ergonomic}
   size_t MarkStackSizeMax                         = 536870912                                 {product} {ergonomic}
   size_t MaxHeapSize                              = 8573157376                                {product} {ergonomic}
   size_t MaxNewSize                               = 5142216704                                {product} {ergonomic}
   size_t MinHeapDeltaBytes                        = 4194304                                   {product} {ergonomic}
   size_t MinHeapSize                              = 8388608                                   {product} {ergonomic}
    uintx NonNMethodCodeHeapSize                   = 7602176                                {pd product} {ergonomic}
    uintx NonProfiledCodeHeapSize                  = 122093568                              {pd product} {ergonomic}
    uintx ProfiledCodeHeapSize                     = 121962496                              {pd product} {ergonomic}
    uintx ReservedCodeCacheSize                    = 251658240                              {pd product} {ergonomic}
     bool SegmentedCodeCache                       = true                                      {product} {ergonomic}
   size_t SoftMaxHeapSize                          = 8573157376                             {manageable} {ergonomic}
     bool UseCompressedOops                        = true                           {product lp64_product} {ergonomic}
     bool UseG1GC                                  = true                                      {product} {ergonomic}
     bool UseLargePagesIndividualAllocation        = false                                  {pd product} {ergonomic}

Logging:
Log output configuration:
 #0: stdout all=warning uptime,level,tags foldmultilines=false
 #1: stderr all=off uptime,level,tags foldmultilines=false

Environment Variables:
PATH=C:\Program Files\Common Files\Oracle\Java\javapath;C:\WINDOWS\system32;C:\WINDOWS;C:\WINDOWS\System32\Wbem;C:\WINDOWS\System32\WindowsPowerShell\v1.0\;C:\WINDOWS\System32\OpenSSH\;C:\Program Files (x86)\NVIDIA Corporation\PhysX\Common;D:\Program Files\PuTTY\;C:\Program Files (x86)\Microsoft SQL Server\160\Tools\Binn\;C:\Program Files\Microsoft SQL Server\160\Tools\Binn\;C:\Program Files\Microsoft SQL Server\Client SDK\ODBC\170\Tools\Binn\;C:\Program Files\Microsoft SQL Server\160\DTS\Binn\;C:\Program Files (x86)\Microsoft SQL Server\160\DTS\Binn\;C:\Program Files\dotnet\;C:\Program Files\Docker\Docker\resources\bin;C:\Program Files\NVIDIA Corporation\NVIDIA App\NvDLISR;C:\Program Files\WIDCOMM\Bluetooth Software\;C:\Program Files\WIDCOMM\Bluetooth Software\syswow64;D:\Development\sistemas-digitales\programas\MPLAB C32 Suite\bin;D:\Development\sistemas-digitales\programas\MPLAB\MPLAB C32 Suite\bin;C:\Program Files\swipl\bin;C:\Program Files\Git\cmd;C:\Users\juand\AppData\Local\Programs\Python\Launcher\;C:\Users\juand\AppData\Local\Microsoft\WindowsApps;H:\Desarrollo\Microsoft VS Code\bin;
USERNAME=juand
OS=Windows_NT
PROCESSOR_IDENTIFIER=AMD64 Family 23 Model 113 Stepping 0, AuthenticAMD
TMP=C:\Users\juand\AppData\Local\Temp
TEMP=C:\Users\juand\AppData\Local\Temp




Periodic native trim disabled

---------------  S Y S T E M  ---------------

OS:
 Windows 11 , 64 bit Build 26100 (10.0.26100.4202)
OS uptime: 1 days 8:23 hours
Hyper-V role detected

CPU: total 16 (initial active 16) (16 cores per cpu, 2 threads per core) family 23 model 113 stepping 0 microcode 0x8701021, cx8, cmov, fxsr, ht, mmx, 3dnowpref, sse, sse2, sse3, ssse3, sse4a, sse4.1, sse4.2, popcnt, lzcnt, tsc, tscinvbit, avx, avx2, aes, clmul, bmi1, bmi2, adx, sha, fma, vzeroupper, clflush, clflushopt, hv, rdtscp, rdpid, f16c
Processor Information for the first 16 processors :
  Max Mhz: 3600, Current Mhz: 3600, Mhz Limit: 3600

Memory: 4k page, system-wide physical 32689M (17902M free)
TotalPageFile size 35780M (AvailPageFile size 12311M)
current process WorkingSet (physical memory assigned to process): 102M, peak: 102M
current process commit charge ("private bytes"): 672M, peak: 673M

vm_info: OpenJDK 64-Bit Server VM (24.0.1+9-30) for windows-amd64 JRE (24.0.1+9-30), built on 2025-03-05T07:23:45Z with MS VC++ 17.6 (VS2022)

END.
